
Last login: Thu Mar 21 09:33:56 on ttys000
~/git : ls                                                                                                                                                                 9:34:17
UMA          betr         csconsole    dotfiles     material-app node-cosmos
~/git : cd dotfiles                                                                                                                                                        9:34:21
~/git/dotfiles <master>: git show e00cb11e5a68a061d13a94da9a430a0d1a8bc140                                                                                                 9:34:22











































































commit e00cb11e5a68a061d13a94da9a430a0d1a8bc140
Author: Dmytro Krasovsky <kdi@betr.io>
Date:   Wed Feb 6 12:53:09 2019 +0100

    added c#

diff --git a/init.vim b/init.vim
index 3408b7d..26188a3 100644
--- a/init.vim
+++ b/init.vim
@@ -6,6 +6,10 @@ Plug 'scrooloose/nerdtree'
 "editor 
 Plug 'kshenoy/vim-signature'
 Plug 'tpope/vim-commentary'
+Plug 'junegunn/goyo.vim'
+Plug 'prettier/vim-prettier', { 'do': 'yarn install' }
+"git
+Plug 'tpope/vim-fugitive'
 " looks
 Plug 'morhetz/gruvbox'
 " syntax
@@ -13,6 +17,8 @@ Plug 'w0rp/ale'
 " typescript
 Plug 'HerringtonDarkholme/yats.vim'
 Plug 'mhartington/nvim-typescript', {'do': './install.sh'}
+" c#
+Plug 'OmniSharp/omnisharp-vim'
 call plug#end()
 
 let g:gruvbox_contrast_dark = 'hard'
@@ -24,6 +30,12 @@ let g:NERDTreeQuitOnOpen = 1
 let g:NERDTreeShowHidden = 1
 let g:NERDTreeWinSize = 60
 
+let g:OmniSharp_server_use_mono = 1
+let g:OmniSharp_selector_ui = 'fzf'
+let g:OmniSharp_timeout = 5
+let g:OmniSharp_loglevel = 'debug'
+let g:OmniSharp_highlight_types = 1
+
 let g:nvim_typescript#diagnostics_enable = 0
 
 let g:ale_linters = {
@@ -31,12 +43,14 @@ let g:ale_linters = {
 \   'html': [],
 \   'css': [],
 \   'scss': [],
+\   'cs': ['OmniSharp'],
 \}
 let g:ale_fixers = {
 \   'typescript': ['prettier','tslint','remove_trailing_lines','trim_whitespace'],
 \   'html': ['remove_trailing_lines','trim_whitespace'],
 \   'css': ['prettier','remove_trailing_lines','trim_whitespace'],
 \   'scss': ['prettier','remove_trailing_lines','trim_whitespace'],
+\   'cs': ['prettier','remove_trailing_lines','trim_whitespace'],
 \}
 let g:ale_set_balloons = 0
 let g:ale_fix_on_save = 1
@@ -100,6 +114,22 @@ augroup nvimts_commands
   autocmd FileType typescript nnoremap <buffer> <Leader>ga :TSImport<CR>
 augroup END
 
+augroup omnisharp_commands
+  autocmd!
+
+  " core
+  autocmd FileType cs nnoremap <buffer> <Leader>gh :OmniSharpTypeLookup<CR>
+  autocmd FileType cs nnoremap <buffer> gd :OmniSharpGotoDefinition<CR>
+  autocmd FileType cs noremap <buffer> <Leader>ga :OmniSharpGetCodeActions<CR>
+  autocmd FileType cs nnoremap <buffer> <Leader>go :OmniSharpDocumentation<CR>
+
+  autocmd FileType cs nnoremap <buffer> <F2> :OmniSharpRename<CR>
+
+  " syntax
+  autocmd FileType cs nnoremap <buffer> <Leader>th :OmniSharpHighlightTypes<CR>
+  autocmd FileType cs nnoremap <buffer> <Leader>tf :OmniSharpCodeFormat<CR>mzgg=G`z
+augroup END
+
 " FUNCTIONS
:
